[GIN-debug] [WARNING] Creating an Engine instance with the Logger and Recovery middleware already attached.

[GIN-debug] [WARNING] Running in "debug" mode. Switch to "release" mode in production.
 - using env:	export GIN_MODE=release
 - using code:	gin.SetMode(gin.ReleaseMode)

[GIN-debug] POST   /api/v1/admin/auth        --> github.com/raycad/go-microservices/tree/master/src/user-microservice/controllers.(*User).Authenticate-fm (3 handlers)
[GIN-debug] POST   /api/v1/users             --> github.com/raycad/go-microservices/tree/master/src/user-microservice/controllers.(*User).AddUser-fm (4 handlers)
[GIN-debug] GET    /api/v1/users/list        --> github.com/raycad/go-microservices/tree/master/src/user-microservice/controllers.(*User).ListUsers-fm (4 handlers)
[GIN-debug] GET    /api/v1/users/detail/:id  --> github.com/raycad/go-microservices/tree/master/src/user-microservice/controllers.(*User).GetUserByID-fm (4 handlers)
[GIN-debug] GET    /api/v1/users/            --> github.com/raycad/go-microservices/tree/master/src/user-microservice/controllers.(*User).GetUserByParams-fm (4 handlers)
[GIN-debug] DELETE /api/v1/users/:id         --> github.com/raycad/go-microservices/tree/master/src/user-microservice/controllers.(*User).DeleteUserByID-fm (4 handlers)
[GIN-debug] PATCH  /api/v1/users             --> github.com/raycad/go-microservices/tree/master/src/user-microservice/controllers.(*User).UpdateUser-fm (4 handlers)
[GIN-debug] GET    /swagger/*any             --> github.com/swaggo/gin-swagger.CustomWrapHandler.func1 (3 handlers)
[GIN-debug] [WARNING] You trusted all proxies, this is NOT safe. We recommend you to set a value.
Please check https://pkg.go.dev/github.com/gin-gonic/gin#readme-don-t-trust-all-proxies for details.
[GIN-debug] Listening and serving HTTP on :8808
[GIN-debug] redirecting request 301: /swagger/ --> /swagger/
[GIN] 2023/12/03 - 19:02:06 | 404 |      23.825µs |             ::1 | GET      "/swagger/"
[GIN] 2023/12/03 - 19:02:07 | 404 |         431ns |             ::1 | GET      "/favicon.ico"
[GIN] 2023/12/03 - 19:02:31 | 200 |     195.128µs |             ::1 | GET      "/swagger/index.html"
[GIN] 2023/12/03 - 19:02:31 | 200 |     266.542µs |             ::1 | GET      "/swagger/swagger-ui.css"
[GIN] 2023/12/03 - 19:02:31 | 200 |     394.624µs |             ::1 | GET      "/swagger/swagger-ui-standalone-preset.js"
[GIN] 2023/12/03 - 19:02:31 | 200 |      811.88µs |             ::1 | GET      "/swagger/swagger-ui-bundle.js"
[GIN] 2023/12/03 - 19:02:31 | 200 |     192.153µs |             ::1 | GET      "/swagger/doc.json"
[GIN] 2023/12/03 - 19:02:31 | 200 |      46.658µs |             ::1 | GET      "/swagger/favicon-32x32.png"
[GIN] 2023/12/03 - 19:05:07 | 404 |         331ns |             ::1 | POST     "/api/v1/login"
[GIN] 2023/12/03 - 19:05:36 | 200 |     651.317µs |       127.0.0.1 | POST     "/api/v1/admin/auth"
[GIN] 2023/12/03 - 19:06:05 | 200 |     804.637µs |       127.0.0.1 | POST     "/api/v1/admin/auth"
[GIN] 2023/12/03 - 19:07:06 | 401 |     607.244µs |       127.0.0.1 | POST     "/api/v1/admin/auth"
